<?xml version="1.0" encoding="UTF-8"?>
<testsuite name="baseball.ApplicationTest" tests="2" skipped="0" failures="0" errors="0" timestamp="2022-11-07T12:21:44" hostname="ijanghuiui-MacBookPro.local" time="0.51">
  <properties/>
  <testcase name="게임종료_후_재시작()" classname="baseball.ApplicationTest" time="0.507"/>
  <testcase name="예외_테스트()" classname="baseball.ApplicationTest" time="0.002"/>
  <system-out><![CDATA[숫자를 입력해주세요 : 낫싱
숫자를 입력해주세요 : 3스트라이크
3개의 숫자를 모두 맞히셨습니다! 게임 종료
게임을 새로 시작하려면 1, 종료하려면 2를 입력하세요.
숫자를 입력해주세요 : 1볼 1스트라이크
숫자를 입력해주세요 : 3스트라이크
3개의 숫자를 모두 맞히셨습니다! 게임 종료
게임을 새로 시작하려면 1, 종료하려면 2를 입력하세요.
게임 종료
숫자를 입력해주세요 :
]]></system-out>
  <system-err><![CDATA[]]></system-err>
</testsuite>
