<?xml version="1.0" encoding="UTF-8"?>
<testsuite name="baseball.view.ScoreResultViewTest" tests="4" skipped="0" failures="0" errors="0" timestamp="2022-11-07T12:21:44" hostname="ijanghuiui-MacBookPro.local" time="0.002">
  <properties/>
  <testcase name="스트라이크와_볼이_0일때_낫싱_반환()" classname="baseball.view.ScoreResultViewTest" time="0.001"/>
  <testcase name="볼이_0일때_스트라이크만_반환()" classname="baseball.view.ScoreResultViewTest" time="0.0"/>
  <testcase name="그외에는_둘다_반환()" classname="baseball.view.ScoreResultViewTest" time="0.0"/>
  <testcase name="스트라이크가_0일때_볼만_반환()" classname="baseball.view.ScoreResultViewTest" time="0.0"/>
  <system-out><![CDATA[]]></system-out>
  <system-err><![CDATA[]]></system-err>
</testsuite>
