<?xml version="1.0" encoding="UTF-8"?>
<testsuite name="baseball.model.PlayerTest" tests="1" skipped="0" failures="0" errors="0" timestamp="2022-11-07T12:21:44" hostname="ijanghuiui-MacBookPro.local" time="0.004">
  <properties/>
  <testcase name="입력이_리스트로_저장된다()" classname="baseball.model.PlayerTest" time="0.004"/>
  <system-out><![CDATA[]]></system-out>
  <system-err><![CDATA[]]></system-err>
</testsuite>
