<?xml version="1.0" encoding="UTF-8"?>
<testsuite name="baseball.service.GameServiceTest" tests="1" skipped="0" failures="0" errors="0" timestamp="2022-11-07T12:21:44" hostname="ijanghuiui-MacBookPro.local" time="0.002">
  <properties/>
  <testcase name="게임_실행시_가능한_결과_내에서만_나온다()" classname="baseball.service.GameServiceTest" time="0.002"/>
  <system-out><![CDATA[]]></system-out>
  <system-err><![CDATA[]]></system-err>
</testsuite>
