<?xml version="1.0" encoding="UTF-8"?>
<testsuite name="onboarding.ApplicationTest$Problem7Test" tests="1" skipped="0" failures="0" errors="0" timestamp="2022-11-01T07:58:49" hostname="ijanghuiui-MacBookPro.local" time="0.034">
  <properties/>
  <testcase name="case1()" classname="onboarding.ApplicationTest$Problem7Test" time="0.034"/>
  <system-out><![CDATA[]]></system-out>
  <system-err><![CDATA[]]></system-err>
</testsuite>
