<?xml version="1.0" encoding="UTF-8"?>
<testsuite name="baseball.ApplicationTest" tests="2" skipped="0" failures="1" errors="0" timestamp="2022-10-16T14:27:58" hostname="ijanghuiui-MacBookPro.local" time="1.313">
  <properties/>
  <testcase name="게임종료_후_재시작()" classname="baseball.ApplicationTest" time="1.193">
    <failure message="java.lang.IllegalArgumentException" type="java.lang.IllegalArgumentException">java.lang.IllegalArgumentException
	at baseball.model.Number.setNumbers(Number.java:54)
	at baseball.model.Number.getNumbersFromPlayer(Number.java:50)
	at baseball.model.Game.startGame(Game.java:33)
	at baseball.Application.main(Application.java:8)
	at baseball.ApplicationTest.runMain(ApplicationTest.java:34)
	at camp.nextstep.edu.missionutils.test.NsTest.run(NsTest.java:35)
	at baseball.ApplicationTest.lambda$게임종료_후_재시작$0(ApplicationTest.java:17)
	at camp.nextstep.edu.missionutils.test.Assertions.lambda$assertRandomTest$4(Assertions.java:89)
	at org.junit.jupiter.api.AssertTimeout.lambda$assertTimeoutPreemptively$2(AssertTimeout.java:102)
	at org.junit.jupiter.api.AssertTimeout.lambda$assertTimeoutPreemptively$4(AssertTimeout.java:138)
	at java.base/java.util.concurrent.FutureTask.run(FutureTask.java:264)
	at java.base/java.util.concurrent.ThreadPoolExecutor.runWorker(ThreadPoolExecutor.java:1130)
	at java.base/java.util.concurrent.ThreadPoolExecutor$Worker.run(ThreadPoolExecutor.java:630)
	at java.base/java.lang.Thread.run(Thread.java:832)
</failure>
  </testcase>
  <testcase name="예외_테스트()" classname="baseball.ApplicationTest" time="0.115"/>
  <system-out><![CDATA[숫자를 입력해주세요 : 포볼
숫자를 입력해주세요 : 3스트라이크
3개의 숫자를 모두 맞히셨습니다! 게임 종료
게임을 새로 시작하려면 1, 종료하려면 2를 입력하세요.
숫자를 입력해주세요 : 1볼 
숫자를 입력해주세요 : 1볼 
숫자를 입력해주세요 :
숫자를 입력해주세요 :
]]></system-out>
  <system-err><![CDATA[]]></system-err>
</testsuite>
