<?xml version="1.0" encoding="UTF-8"?>
<testsuite name="baseball.exception.PlayerExceptionTest" tests="4" skipped="0" failures="0" errors="0" timestamp="2022-11-07T12:21:44" hostname="ijanghuiui-MacBookPro.local" time="0.002">
  <properties/>
  <testcase name="같은_숫자가_있으면_예외처리()" classname="baseball.exception.PlayerExceptionTest" time="0.0"/>
  <testcase name="숫자0이_있으면_예외처리()" classname="baseball.exception.PlayerExceptionTest" time="0.001"/>
  <testcase name="숫자가_아니면_예외처리()" classname="baseball.exception.PlayerExceptionTest" time="0.0"/>
  <testcase name="세자리가_아니면_예외처리()" classname="baseball.exception.PlayerExceptionTest" time="0.001"/>
  <system-out><![CDATA[]]></system-out>
  <system-err><![CDATA[]]></system-err>
</testsuite>
